


ARM Macro Assembler    Page 1 


    1 00000000         ;/******************************************************
                       ***********************/
    2 00000000         ;/* OSasm.s: low-level OS commands, written in assembly 
                                             */
    3 00000000         ;/* derived from uCOS-II                                
                                             */
    4 00000000         ;/******************************************************
                       ***********************/
    5 00000000         ;Jonathan Valvano, OS Lab2/3/4 solution, 3/9/17
    6 00000000         
    7 00000000         
    8 00000000                 AREA             |.text|, CODE, READONLY, ALIGN=
2
    9 00000000                 THUMB
   10 00000000                 REQUIRE8
   11 00000000                 PRESERVE8
   12 00000000         
   13 00000000                 EXTERN           RunPt       ; currently running
                                                             thread
   14 00000000                 EXTERN           NextThreadPt ; next thread to r
                                                            un, set by schedule
                                                            
   15 00000000                 EXPORT           StartOS
   16 00000000                 EXPORT           ContextSwitch
   17 00000000                 EXPORT           PendSV_Handler
   18 00000000                 EXTERN           NextPt
   19 00000000                 EXTERN           RecordDongs
   20 00000000                 EXTERN           OS_Id
   21 00000000         
   22 00000000 E000ED04 
                       NVIC_INT_CTRL
                               EQU              0xE000ED04  ; Interrupt control
                                                             state register.
   23 00000000 E000ED22 
                       NVIC_SYSPRI14
                               EQU              0xE000ED22  ; PendSV priority r
                                                            egister (position 1
                                                            4).
   24 00000000 E000ED23 
                       NVIC_SYSPRI15
                               EQU              0xE000ED23  ; Systick priority 
                                                            register (position 
                                                            15).
   25 00000000 000000EF 
                       NVIC_LEVEL14
                               EQU              0xEF        ; Systick priority 
                                                            value (second lowes
                                                            t).
   26 00000000 000000FF 
                       NVIC_LEVEL15
                               EQU              0xFF        ; PendSV priority v
                                                            alue (lowest).
   27 00000000 10000000 
                       NVIC_PENDSVSET
                               EQU              0x10000000  ; Value to trigger 
                                                            PendSV exception.
   28 00000000         
   29 00000000         
   30 00000000         



ARM Macro Assembler    Page 2 


   31 00000000         StartOS
   32 00000000 4816            LDR              R0, =RunPt  ; currently running
                                                             thread
   33 00000002 6802            LDR              R2, [R0]    ; R2 = value of Run
                                                            Pt
   34 00000004 F8D2 D000       LDR              SP, [R2]    ; new thread SP; SP
                                                             = RunPt->stackPoin
                                                            ter;
   35 00000008 E8BD 0FF0       POP              {R4-R11}    ; restore regs r4-1
                                                            1
   36 0000000C BC0F            POP              {R0-R3}     ; restore regs r0-3
                                                            
   37 0000000E F85D CB04       POP              {R12}
   38 00000012 F85D EB04       POP              {LR}        ; discard LR from i
                                                            nitial stack
   39 00000016 F85D EB04       POP              {LR}        ; start location
   40 0000001A BC02            POP              {R1}        ; discard PSR
   41 0000001C B662            CPSIE            I           ; Enable interrupts
                                                             at processor level
                                                            
   42 0000001E 4770            BX               LR          ; start first threa
                                                            d
   43 00000020         
   44 00000020         OSStartHang
   45 00000020 E7FE            B                OSStartHang ; Should never get 
                                                            here
   46 00000022         
   47 00000022         
   48 00000022         ;*******************************************************
                       *************************************************
   49 00000022         ;                               PERFORM A CONTEXT SWITCH
                        (From task level)
   50 00000022         ;                                           void Context
                       Switch(void)
   51 00000022         ;
   52 00000022         ; Note(s) : 1) ContextSwitch() is called when OS wants t
                       o perform a task context switch.  This function
   53 00000022         ;              triggers the PendSV exception which is wh
                       ere the real work is done.
   54 00000022         ;*******************************************************
                       *************************************************
   55 00000022         
   56 00000022         ContextSwitch
   57 00000022 480F            LDR              R0, =NVIC_INT_CTRL ; Trigger th
                                                            e PendSV exception 
                                                            (causes context swi
                                                            tch)
   58 00000024 F04F 5180       LDR              R1, =NVIC_PENDSVSET
   59 00000028 6001            STR              R1, [R0]
   60 0000002A 4770            BX               LR
   61 0000002C         
   62 0000002C         
   63 0000002C         ;*******************************************************
                       *************************************************
   64 0000002C         ;                                         HANDLE PendSV 
                       EXCEPTION
   65 0000002C         ;                                     void OS_CPU_PendSV
                       Handler(void)
   66 0000002C         ;



ARM Macro Assembler    Page 3 


   67 0000002C         ; Note(s) : 1) PendSV is used to cause a context switch.
                         This is a recommended method for performing
   68 0000002C         ;              context switches with Cortex-M3.  This is
                        because the Cortex-M3 auto-saves half of the
   69 0000002C         ;              processor context on any exception, and r
                       estores same on return from exception.  So only
   70 0000002C         ;              saving of R4-R11 is required and fixing u
                       p the stack pointers.  Using the PendSV exception
   71 0000002C         ;              this way means that context saving and re
                       storing is identical whether it is initiated from
   72 0000002C         ;              a thread or occurs due to an interrupt or
                        exception.
   73 0000002C         ;
   74 0000002C         ;           2) Pseudo-code is:
   75 0000002C         ;              a) Get the process SP, if 0 then skip (go
                       to d) the saving part (first context switch);
   76 0000002C         ;              b) Save remaining regs r4-r11 on process 
                       stack;
   77 0000002C         ;              c) Save the process SP in its TCB, OSTCBC
                       ur->OSTCBStkPtr = SP;
   78 0000002C         ;              d) Call OSTaskSwHook();
   79 0000002C         ;              e) Get current high priority, OSPrioCur =
                        OSPrioHighRdy;
   80 0000002C         ;              f) Get current ready thread TCB, OSTCBCur
                        = OSTCBHighRdy;
   81 0000002C         ;              g) Get new process SP from TCB, SP = OSTC
                       BHighRdy->OSTCBStkPtr;
   82 0000002C         ;              h) Restore R4-R11 from new process stack;
                       
   83 0000002C         ;              i) Perform exception return which will re
                       store remaining context.
   84 0000002C         ;
   85 0000002C         ;           3) On entry into PendSV handler:
   86 0000002C         ;              a) The following have been saved on the p
                       rocess stack (by processor):
   87 0000002C         ;                 xPSR, PC, LR, R12, R0-R3
   88 0000002C         ;              b) Processor mode is switched to Handler 
                       mode (from Thread mode)
   89 0000002C         ;              c) Stack is Main stack (switched from Pro
                       cess stack)
   90 0000002C         ;              d) OSTCBCur      points to the OS_TCB of 
                       the task to suspend
   91 0000002C         ;                 OSTCBHighRdy  points to the OS_TCB of 
                       the task to resume
   92 0000002C         ;
   93 0000002C         ;           4) Since PendSV is set to lowest priority in
                        the system (by OSStartHighRdy() above), we
   94 0000002C         ;              know that it will only be run when no oth
                       er exception or interrupt is active, and
   95 0000002C         ;              therefore safe to assume that context bei
                       ng switched out was using the process stack (PSP).
   96 0000002C         ;*******************************************************
                       *************************************************
   97 0000002C         
   98 0000002C         PendSV_Handler
   99 0000002C B672            CPSID            I
  100 0000002E B500            PUSH             {LR}
  101 00000030 F7FF FFFE       BL               OS_Id
  102 00000034 F7FF FFFE       BL               RecordDongs



ARM Macro Assembler    Page 4 


  103 00000038 F85D EB04       POP              {LR}
  104 0000003C E92D 0FF0       PUSH             {R4 - R11}
  105 00000040 4806            LDR              R0, =RunPt
  106 00000042 6801            LDR              R1, [R0]
  107 00000044 F8C1 D000       STR              SP, [R1]
  108 00000048 4906            LDR              R1, =NextPt
  109 0000004A 680A            LDR              R2, [R1]
  110 0000004C 6002            STR              R2, [R0]
  111 0000004E F8D2 D000       LDR              SP, [R2]
  112 00000052 E8BD 0FF0       POP              {R4 - R11}
  113 00000056 B662            CPSIE            I
  114 00000058 4770            BX               LR          ; Exception return 
                                                            will restore remain
                                                            ing context   
  115 0000005A         
  116 0000005A 00 00           ALIGN
  117 0000005C                 END
              00000000 
              E000ED04 
              00000000 
Command Line: --debug --xref --cpu=Cortex-M4 --apcs=interwork --depend=.\osasm.
d -o.\osasm.o -IC:\Keil\ARM\RV31\INC -IC:\Keil\ARM\CMSIS\Include -IC:\Keil\ARM\
Inc\Luminary --predefine="__EVAL SETA 1" --predefine="__MICROLIB SETA 1" --list
=.\osasm.lst osasm.s



ARM Macro Assembler    Page 1 Alphabetic symbol ordering
Relocatable symbols

.text 00000000

Symbol: .text
   Definitions
      At line 8 in file osasm.s
   Uses
      None
Comment: .text unused
ContextSwitch 00000022

Symbol: ContextSwitch
   Definitions
      At line 56 in file osasm.s
   Uses
      At line 16 in file osasm.s
Comment: ContextSwitch used once
OSStartHang 00000020

Symbol: OSStartHang
   Definitions
      At line 44 in file osasm.s
   Uses
      At line 45 in file osasm.s
Comment: OSStartHang used once
PendSV_Handler 0000002C

Symbol: PendSV_Handler
   Definitions
      At line 98 in file osasm.s
   Uses
      At line 17 in file osasm.s
Comment: PendSV_Handler used once
StartOS 00000000

Symbol: StartOS
   Definitions
      At line 31 in file osasm.s
   Uses
      At line 15 in file osasm.s
Comment: StartOS used once
5 symbols



ARM Macro Assembler    Page 1 Alphabetic symbol ordering
Absolute symbols

NVIC_INT_CTRL E000ED04

Symbol: NVIC_INT_CTRL
   Definitions
      At line 22 in file osasm.s
   Uses
      At line 57 in file osasm.s
Comment: NVIC_INT_CTRL used once
NVIC_LEVEL14 000000EF

Symbol: NVIC_LEVEL14
   Definitions
      At line 25 in file osasm.s
   Uses
      None
Comment: NVIC_LEVEL14 unused
NVIC_LEVEL15 000000FF

Symbol: NVIC_LEVEL15
   Definitions
      At line 26 in file osasm.s
   Uses
      None
Comment: NVIC_LEVEL15 unused
NVIC_PENDSVSET 10000000

Symbol: NVIC_PENDSVSET
   Definitions
      At line 27 in file osasm.s
   Uses
      At line 58 in file osasm.s
Comment: NVIC_PENDSVSET used once
NVIC_SYSPRI14 E000ED22

Symbol: NVIC_SYSPRI14
   Definitions
      At line 23 in file osasm.s
   Uses
      None
Comment: NVIC_SYSPRI14 unused
NVIC_SYSPRI15 E000ED23

Symbol: NVIC_SYSPRI15
   Definitions
      At line 24 in file osasm.s
   Uses
      None
Comment: NVIC_SYSPRI15 unused
6 symbols



ARM Macro Assembler    Page 1 Alphabetic symbol ordering
External symbols

NextPt 00000000

Symbol: NextPt
   Definitions
      At line 18 in file osasm.s
   Uses
      At line 108 in file osasm.s
Comment: NextPt used once
NextThreadPt 00000000

Symbol: NextThreadPt
   Definitions
      At line 14 in file osasm.s
   Uses
      None
Comment: NextThreadPt unused
OS_Id 00000000

Symbol: OS_Id
   Definitions
      At line 20 in file osasm.s
   Uses
      At line 101 in file osasm.s
Comment: OS_Id used once
RecordDongs 00000000

Symbol: RecordDongs
   Definitions
      At line 19 in file osasm.s
   Uses
      At line 102 in file osasm.s
Comment: RecordDongs used once
RunPt 00000000

Symbol: RunPt
   Definitions
      At line 13 in file osasm.s
   Uses
      At line 32 in file osasm.s
      At line 105 in file osasm.s

5 symbols
350 symbols in table
