


ARM Macro Assembler    Page 1 


    1 00000000         ;/******************************************************
                       ***********************/
    2 00000000         ;/* OSasm.s: low-level OS commands, written in assembly 
                                             */
    3 00000000         ;/******************************************************
                       ***********************/
    4 00000000         ;Jonathan Valvano/Andreas Gerstlauer, OS Lab 5 solution,
                        2/28/16
    5 00000000         
    6 00000000         
    7 00000000                 AREA             |.text|, CODE, READONLY, ALIGN=
2
    8 00000000                 THUMB
    9 00000000                 REQUIRE8
   10 00000000                 PRESERVE8
   11 00000000         
   12 00000000                 EXPORT           OS_Id
   13 00000000                 EXPORT           OS_Sleep
   14 00000000                 EXPORT           OS_Kill
   15 00000000                 EXPORT           OS_Time
   16 00000000                 EXPORT           OS_AddThread
   17 00000000         
   18 00000000         
   19 00000000         ;PF2ADDR  DCW 0x5010
   20 00000000         ;   DCW 0x4002
   21 00000000         
   22 00000000         OS_Id
   23 00000000         ;toggle PF2 before each SVC call
   24 00000000 B403            PUSH             {r0, r1}
   25 00000002 4816            LDR              r0, =0x40025010 ; @0x00000850
   26 00000004 6801            LDR              r1,[r0]
   27 00000006 F081 0104       EOR              r1,r1,#0x04
   28 0000000A 6001            STR              r1,[r0]
   29 0000000C BC03            POP              {r0, r1}
   30 0000000E DF00            SVC              #0
   31 00000010 4770            BX               LR
   32 00000012         
   33 00000012         OS_Kill
   34 00000012 B403            PUSH             {r0, r1}
   35 00000014 4811            LDR              r0, =0x40025010 ; @0x00000850
   36 00000016 6801            LDR              r1,[r0]
   37 00000018 F081 0104       EOR              r1,r1,#0x04
   38 0000001C 6001            STR              r1,[r0]
   39 0000001E BC03            POP              {r0, r1}
   40 00000020 DF01            SVC              #1
   41 00000022 4770            BX               LR
   42 00000024         
   43 00000024         OS_Sleep
   44 00000024 B403            PUSH             {r0, r1}
   45 00000026 480D            LDR              r0, =0x40025010 ; @0x00000850
   46 00000028 6801            LDR              r1,[r0]
   47 0000002A F081 0104       EOR              r1,r1,#0x04
   48 0000002E 6001            STR              r1,[r0]
   49 00000030 BC03            POP              {r0, r1}
   50 00000032 DF02            SVC              #2
   51 00000034 4770            BX               LR
   52 00000036         
   53 00000036         OS_Time
   54 00000036 B403            PUSH             {r0, r1}



ARM Macro Assembler    Page 2 


   55 00000038 4808            LDR              r0, =0x40025010 ; @0x00000850
   56 0000003A 6801            LDR              r1,[r0]
   57 0000003C F081 0104       EOR              r1,r1,#0x04
   58 00000040 6001            STR              r1,[r0]
   59 00000042 BC03            POP              {r0, r1}
   60 00000044 DF03            SVC              #3
   61 00000046 4770            BX               LR
   62 00000048         
   63 00000048         OS_AddThread
   64 00000048 B403            PUSH             {r0, r1}
   65 0000004A 4804            LDR              r0, =0x40025010 ; @0x00000850
   66 0000004C 6801            LDR              r1,[r0]
   67 0000004E F081 0104       EOR              r1,r1,#0x04
   68 00000052 6001            STR              r1,[r0]
   69 00000054 BC03            POP              {r0, r1}
   70 00000056 DF04            SVC              #4
   71 00000058 4770            BX               LR
   72 0000005A         
   73 0000005A 00 00           ALIGN
   74 0000005C                 END
              40025010 
Command Line: --debug --xref --diag_suppress=9931 --cpu=Cortex-M4 --apcs=interw
ork//ropi/rwpi --depend=.\osasm.d -o.\osasm.o -IC:\Keil_v5\ARM\RV31\INC -IC:\Ke
il_v5\ARM\CMSIS\Include -IC:\Keil_v5\ARM\Inc\Luminary --predefine="__UVISION_VE
RSION SETA 516" --list=.\osasm.lst osasm.s



ARM Macro Assembler    Page 1 Alphabetic symbol ordering
Relocatable symbols

.text 00000000

Symbol: .text
   Definitions
      At line 7 in file osasm.s
   Uses
      None
Comment: .text unused
OS_AddThread 00000048

Symbol: OS_AddThread
   Definitions
      At line 63 in file osasm.s
   Uses
      At line 16 in file osasm.s
Comment: OS_AddThread used once
OS_Id 00000000

Symbol: OS_Id
   Definitions
      At line 22 in file osasm.s
   Uses
      At line 12 in file osasm.s
Comment: OS_Id used once
OS_Kill 00000012

Symbol: OS_Kill
   Definitions
      At line 33 in file osasm.s
   Uses
      At line 14 in file osasm.s
Comment: OS_Kill used once
OS_Sleep 00000024

Symbol: OS_Sleep
   Definitions
      At line 43 in file osasm.s
   Uses
      At line 13 in file osasm.s
Comment: OS_Sleep used once
OS_Time 00000036

Symbol: OS_Time
   Definitions
      At line 53 in file osasm.s
   Uses
      At line 15 in file osasm.s
Comment: OS_Time used once
6 symbols
339 symbols in table
