


ARM Macro Assembler    Page 1 


    1 00000000                 AREA             |.text|, CODE, READONLY, ALIGN=
2
    2 00000000                 THUMB
    3 00000000                 PRESERVE8        {TRUE}
    4 00000000                 EXPORT           PendSV_Handler
    5 00000000         ;  EXPORT SysTick_Handler
    6 00000000                 EXPORT           StartOS
    7 00000000                 EXPORT           SVC_Handler
    8 00000000         
    9 00000000                 EXTERN           RunPt
   10 00000000                 EXTERN           NextPt
   11 00000000                 EXTERN           RecordDongs
   12 00000000                 EXTERN           OS_Id
   13 00000000                 EXTERN           OS_Kill
   14 00000000                 EXTERN           OS_Sleep
   15 00000000                 EXTERN           OS_Time
   16 00000000                 EXTERN           OS_AddThread
   17 00000000         
   18 00000000         
   19 00000000         ;Round-Robin Switching   
   20 00000000         ;SysTick_Handler 
   21 00000000         ; CPSID I
   22 00000000         ; PUSH {R4 - R11}
   23 00000000         ; LDR R0, =RunPt
   24 00000000         ; LDR R1, [R0]
   25 00000000         ; STR SP, [R1]
   26 00000000         ; LDR R1, [R1, #4]
   27 00000000         ; STR R1, [R0]
   28 00000000         ; LDR SP, [R1]
   29 00000000         ; POP {R4 - R11}
   30 00000000         ; CPSIE I
   31 00000000         ; BX LR
   32 00000000         
   33 00000000         SVCJump
   34 00000000 F7FF BFFE       B                OS_Id
   35 00000004 F7FF BFFE       B                OS_Kill
   36 00000008 F7FF BFFE       B                OS_Sleep
   37 0000000C F7FF BFFE       B                OS_Time
   38 00000010 F7FF BFFE       B                OS_AddThread
   39 00000014         
   40 00000014         SVC_Handler
   41 00000014 F8DD C018       LDR              R12, [SP, #24]
   42 00000018 F83C CC02       LDRH             R12, [R12, #-2]
   43 0000001C F42C 4C7F       BIC              R12, #0xFF00
   44 00000020 F1BC 0F05       CMP              R12, #5
   45 00000024 D81B            BHI              EndSVC
   46 00000026 E89D 000F       LDM              SP, {R0 -  R3}
   47 0000002A B500            PUSH             {LR}
   48 0000002C F8DF E080       LDR              LR, =Done
   49 00000030 F1BC 0F00       CMP              R12, #0
   50 00000034 F43F AFFE       BEQ              OS_Id
   51 00000038 F1BC 0F01       CMP              R12, #1
   52 0000003C F43F AFFE       BEQ              OS_Kill
   53 00000040 F1BC 0F02       CMP              R12, #2
   54 00000044 F43F AFFE       BEQ              OS_Sleep
   55 00000048 F1BC 0F03       CMP              R12, #3
   56 0000004C F43F AFFE       BEQ              OS_Time
   57 00000050 F1BC 0F04       CMP              R12, #4
   58 00000054 F43F AFFE       BEQ              OS_AddThread



ARM Macro Assembler    Page 2 


   59 00000058 F85D EB04 
                       Done    POP              {LR}
   60 0000005C 9000            STR              R0, [SP]
   61 0000005E 4770    EndSVC  BX               LR
   62 00000060         
   63 00000060         
   64 00000060         
   65 00000060         ;switch using chosen NextPt
   66 00000060         PendSV_Handler
   67 00000060 B672            CPSID            I
   68 00000062 B500            PUSH             {LR}
   69 00000064 F7FF FFFE       BL               OS_Id
   70 00000068 F7FF FFFE       BL               RecordDongs
   71 0000006C F85D EB04       POP              {LR}
   72 00000070 E92D 0FF0       PUSH             {R4 - R11}
   73 00000074 480F            LDR              R0, =RunPt
   74 00000076 6801            LDR              R1, [R0]
   75 00000078 F8C1 D000       STR              SP, [R1]
   76 0000007C 490E            LDR              R1, =NextPt
   77 0000007E 680A            LDR              R2, [R1]
   78 00000080 6002            STR              R2, [R0]
   79 00000082 F8D2 D000       LDR              SP, [R2]
   80 00000086 E8BD 0FF0       POP              {R4 - R11}
   81 0000008A B662            CPSIE            I
   82 0000008C 4770            BX               LR
   83 0000008E         
   84 0000008E         StartOS
   85 0000008E 4809            LDR              R0, =RunPt  ; currently running
                                                             thread
   86 00000090 6802            LDR              R2, [R0]    ; R2 = value of Run
                                                            Pt
   87 00000092 F8D2 D000       LDR              SP, [R2]    ; new thread SP; SP
                                                             = RunPt->stackPoin
                                                            ter;
   88 00000096 E8BD 0FF0       POP              {R4-R11}    ; restore regs r4-1
                                                            1
   89 0000009A BC0F            POP              {R0-R3}     ; restore regs r0-3
                                                            
   90 0000009C F85D CB04       POP              {R12}
   91 000000A0 F85D EB04       POP              {LR}        ; discard LR from i
                                                            nitial stack
   92 000000A4 F85D EB04       POP              {LR}        ; start location
   93 000000A8 BC02            POP              {R1}        ; discard PSR
   94 000000AA B662            CPSIE            I           ; Enable interrupts
                                                             at processor level
                                                            
   95 000000AC 4770            BX               LR          ; start first threa
                                                            d
   96 000000AE         
   97 000000AE 00 00           ALIGN
   98 000000B0                 END
              00000000 
              00000000 
              00000000 
Command Line: --debug --xref --cpu=Cortex-M4 --apcs=interwork --depend=.\thread
switch.d -o.\threadswitch.o -IC:\Keil\ARM\RV31\INC -IC:\Keil\ARM\CMSIS\Include 
-IC:\Keil\ARM\Inc\Luminary --predefine="__EVAL SETA 1" --list=.\threadswitch.ls
t ThreadSwitch.s



ARM Macro Assembler    Page 1 Alphabetic symbol ordering
Relocatable symbols

.text 00000000

Symbol: .text
   Definitions
      At line 1 in file ThreadSwitch.s
   Uses
      None
Comment: .text unused
Done 00000058

Symbol: Done
   Definitions
      At line 59 in file ThreadSwitch.s
   Uses
      At line 48 in file ThreadSwitch.s
Comment: Done used once
EndSVC 0000005E

Symbol: EndSVC
   Definitions
      At line 61 in file ThreadSwitch.s
   Uses
      At line 45 in file ThreadSwitch.s
Comment: EndSVC used once
PendSV_Handler 00000060

Symbol: PendSV_Handler
   Definitions
      At line 66 in file ThreadSwitch.s
   Uses
      At line 4 in file ThreadSwitch.s
Comment: PendSV_Handler used once
SVCJump 00000000

Symbol: SVCJump
   Definitions
      At line 33 in file ThreadSwitch.s
   Uses
      None
Comment: SVCJump unused
SVC_Handler 00000014

Symbol: SVC_Handler
   Definitions
      At line 40 in file ThreadSwitch.s
   Uses
      At line 7 in file ThreadSwitch.s
Comment: SVC_Handler used once
StartOS 0000008E

Symbol: StartOS
   Definitions
      At line 84 in file ThreadSwitch.s
   Uses
      At line 6 in file ThreadSwitch.s
Comment: StartOS used once
7 symbols



ARM Macro Assembler    Page 1 Alphabetic symbol ordering
External symbols

NextPt 00000000

Symbol: NextPt
   Definitions
      At line 10 in file ThreadSwitch.s
   Uses
      At line 76 in file ThreadSwitch.s
Comment: NextPt used once
OS_AddThread 00000000

Symbol: OS_AddThread
   Definitions
      At line 16 in file ThreadSwitch.s
   Uses
      At line 38 in file ThreadSwitch.s
      At line 58 in file ThreadSwitch.s

OS_Id 00000000

Symbol: OS_Id
   Definitions
      At line 12 in file ThreadSwitch.s
   Uses
      At line 34 in file ThreadSwitch.s
      At line 50 in file ThreadSwitch.s
      At line 69 in file ThreadSwitch.s

OS_Kill 00000000

Symbol: OS_Kill
   Definitions
      At line 13 in file ThreadSwitch.s
   Uses
      At line 35 in file ThreadSwitch.s
      At line 52 in file ThreadSwitch.s

OS_Sleep 00000000

Symbol: OS_Sleep
   Definitions
      At line 14 in file ThreadSwitch.s
   Uses
      At line 36 in file ThreadSwitch.s
      At line 54 in file ThreadSwitch.s

OS_Time 00000000

Symbol: OS_Time
   Definitions
      At line 15 in file ThreadSwitch.s
   Uses
      At line 37 in file ThreadSwitch.s
      At line 56 in file ThreadSwitch.s

RecordDongs 00000000

Symbol: RecordDongs
   Definitions
      At line 11 in file ThreadSwitch.s



ARM Macro Assembler    Page 2 Alphabetic symbol ordering
External symbols

   Uses
      At line 70 in file ThreadSwitch.s
Comment: RecordDongs used once
RunPt 00000000

Symbol: RunPt
   Definitions
      At line 9 in file ThreadSwitch.s
   Uses
      At line 73 in file ThreadSwitch.s
      At line 85 in file ThreadSwitch.s

8 symbols
348 symbols in table
